<?xml version="1.0" encoding="UTF-8"?>
<testsuite xmlns:xsi="http://www.w3.org/2001/XMLSchema-instance" xsi:noNamespaceSchemaLocation="https://maven.apache.org/surefire/maven-surefire-plugin/xsd/surefire-test-report.xsd" version="3.0.2" name="runner.TestRunner" time="99.271" tests="6" errors="0" skipped="0" failures="3">
  <properties>
[...]
</properties>
  <testcase name="runScenario[&quot;To validate the Jewellery combos link functionality&quot;, &quot;Jewellery combos feature&quot;](1)" classname="runner.TestRunner" time="11.842">
    <failure message="stale element reference: stale element not found in the current frame&#10;  (Session info: chrome=127.0.6533.119)&#10;For documentation on this error, please visit: https://www.selenium.dev/documentation/webdriver/troubleshooting/errors#stale-element-reference-exception&#10;Build info: version: &apos;4.23.0&apos;, revision: &apos;4df0a231af&apos;&#10;System info: os.name: &apos;Linux&apos;, os.arch: &apos;amd64&apos;, os.version: &apos;5.15.0-119-generic&apos;, java.version: &apos;17.0.11&apos;&#10;Driver info: org.openqa.selenium.chrome.ChromeDriver&#10;Command: [7950c3b70e85c06722bc289e7e1a1137, clickElement {id=f.D2114523CF05A9AB55AA5AAB30C16C92.d.053543A64FEA920953E5A92E2E0F15FB.e.146}]&#10;Capabilities {acceptInsecureCerts: false, browserName: chrome, browserVersion: 127.0.6533.119, chrome: {chromedriverVersion: 127.0.6533.119 (bdef6783a05..., userDataDir: /tmp/.org.chromium.Chromium...}, fedcm:accounts: true, goog:chromeOptions: {debuggerAddress: localhost:36811}, networkConnectionEnabled: false, pageLoadStrategy: normal, platformName: linux, proxy: Proxy(), se:cdp: ws://localhost:36811/devtoo..., se:cdpVersion: 127.0.6533.119, setWindowRect: true, strictFileInteractability: false, timeouts: {implicit: 0, pageLoad: 300000, script: 30000}, unhandledPromptBehavior: dismiss and notify, webauthn:extension:credBlob: true, webauthn:extension:largeBlob: true, webauthn:extension:minPinLength: true, webauthn:extension:prf: true, webauthn:virtualAuthenticators: true}&#10;Element: [[ChromeDriver: chrome on linux (7950c3b70e85c06722bc289e7e1a1137)] -&gt; name: Sukkhi]&#10;Session ID: 7950c3b70e85c06722bc289e7e1a1137" type="org.openqa.selenium.StaleElementReferenceException"><![CDATA[org.openqa.selenium.StaleElementReferenceException: 
stale element reference: stale element not found in the current frame
  (Session info: chrome=127.0.6533.119)
For documentation on this error, please visit: https://www.selenium.dev/documentation/webdriver/troubleshooting/errors#stale-element-reference-exception
Build info: version: '4.23.0', revision: '4df0a231af'
System info: os.name: 'Linux', os.arch: 'amd64', os.version: '5.15.0-119-generic', java.version: '17.0.11'
Driver info: org.openqa.selenium.chrome.ChromeDriver
Command: [7950c3b70e85c06722bc289e7e1a1137, clickElement {id=f.D2114523CF05A9AB55AA5AAB30C16C92.d.053543A64FEA920953E5A92E2E0F15FB.e.146}]
Capabilities {acceptInsecureCerts: false, browserName: chrome, browserVersion: 127.0.6533.119, chrome: {chromedriverVersion: 127.0.6533.119 (bdef6783a05..., userDataDir: /tmp/.org.chromium.Chromium...}, fedcm:accounts: true, goog:chromeOptions: {debuggerAddress: localhost:36811}, networkConnectionEnabled: false, pageLoadStrategy: normal, platformName: linux, proxy: Proxy(), se:cdp: ws://localhost:36811/devtoo..., se:cdpVersion: 127.0.6533.119, setWindowRect: true, strictFileInteractability: false, timeouts: {implicit: 0, pageLoad: 300000, script: 30000}, unhandledPromptBehavior: dismiss and notify, webauthn:extension:credBlob: true, webauthn:extension:largeBlob: true, webauthn:extension:minPinLength: true, webauthn:extension:prf: true, webauthn:virtualAuthenticators: true}
Element: [[ChromeDriver: chrome on linux (7950c3b70e85c06722bc289e7e1a1137)] -> name: Sukkhi]
Session ID: 7950c3b70e85c06722bc289e7e1a1137
	at java.base/jdk.internal.reflect.NativeConstructorAccessorImpl.newInstance0(Native Method)
	at java.base/jdk.internal.reflect.NativeConstructorAccessorImpl.newInstance(NativeConstructorAccessorImpl.java:77)
	at java.base/jdk.internal.reflect.DelegatingConstructorAccessorImpl.newInstance(DelegatingConstructorAccessorImpl.java:45)
	at java.base/java.lang.reflect.Constructor.newInstanceWithCaller(Constructor.java:499)
	at java.base/java.lang.reflect.Constructor.newInstance(Constructor.java:480)
	at org.openqa.selenium.remote.ErrorCodec.decode(ErrorCodec.java:167)
	at org.openqa.selenium.remote.codec.w3c.W3CHttpResponseCodec.decode(W3CHttpResponseCodec.java:138)
	at org.openqa.selenium.remote.codec.w3c.W3CHttpResponseCodec.decode(W3CHttpResponseCodec.java:50)
	at org.openqa.selenium.remote.HttpCommandExecutor.execute(HttpCommandExecutor.java:190)
	at org.openqa.selenium.remote.service.DriverCommandExecutor.invokeExecute(DriverCommandExecutor.java:216)
	at org.openqa.selenium.remote.service.DriverCommandExecutor.execute(DriverCommandExecutor.java:174)
	at org.openqa.selenium.remote.RemoteWebDriver.execute(RemoteWebDriver.java:527)
	at org.openqa.selenium.remote.RemoteWebElement.execute(RemoteWebElement.java:223)
	at org.openqa.selenium.remote.RemoteWebElement.click(RemoteWebElement.java:76)
	at stepDefinitions.JewelleryCombos_Test.check_the_vellani_checkbox_and_sukkhi_checkbox(JewelleryCombos_Test.java:95)
	at ✽.check the Vellani checkbox and Sukkhi checkbox(file:///home/himanshu/Desktop/B38-SPR201-JAVA/CucumberTestNG-Construct-Week-Project-B38/src/test/resources/Naaptol_Jewellery&Watches-Module/JewelleryCombos.feature:12)
]]></failure>
    <system-err><![CDATA[SLF4J: Failed to load class "org.slf4j.impl.StaticLoggerBinder".
SLF4J: Defaulting to no-operation (NOP) logger implementation
SLF4J: See http://www.slf4j.org/codes.html#StaticLoggerBinder for further details.
]]></system-err>
  </testcase>
  <testcase name="runScenario[&quot;To validate jewellery product details page&quot;, &quot;Jewellery product feature&quot;](2)" classname="runner.TestRunner" time="20.929">
    <failure message="no such element: Unable to locate element: {&quot;method&quot;:&quot;xpath&quot;,&quot;selector&quot;:&quot;(//img[@alt=&apos;2 Golden Chain + Bracelet + Diamond Ring + Free Digital Watch (2GCBRW9)&apos;])[4]&quot;}&#10;  (Session info: chrome=127.0.6533.119)&#10;For documentation on this error, please visit: https://www.selenium.dev/documentation/webdriver/troubleshooting/errors#no-such-element-exception&#10;Build info: version: &apos;4.23.0&apos;, revision: &apos;4df0a231af&apos;&#10;System info: os.name: &apos;Linux&apos;, os.arch: &apos;amd64&apos;, os.version: &apos;5.15.0-119-generic&apos;, java.version: &apos;17.0.11&apos;&#10;Driver info: org.openqa.selenium.chrome.ChromeDriver&#10;Command: [860f8cf9905f28d03c5abd7a812685b7, findElement {using=xpath, value=(//img[@alt=&apos;2 Golden Chain + Bracelet + Diamond Ring + Free Digital Watch (2GCBRW9)&apos;])[4]}]&#10;Capabilities {acceptInsecureCerts: false, browserName: chrome, browserVersion: 127.0.6533.119, chrome: {chromedriverVersion: 127.0.6533.119 (bdef6783a05..., userDataDir: /tmp/.org.chromium.Chromium...}, fedcm:accounts: true, goog:chromeOptions: {debuggerAddress: localhost:44753}, networkConnectionEnabled: false, pageLoadStrategy: normal, platformName: linux, proxy: Proxy(), se:cdp: ws://localhost:44753/devtoo..., se:cdpVersion: 127.0.6533.119, setWindowRect: true, strictFileInteractability: false, timeouts: {implicit: 0, pageLoad: 300000, script: 30000}, unhandledPromptBehavior: dismiss and notify, webauthn:extension:credBlob: true, webauthn:extension:largeBlob: true, webauthn:extension:minPinLength: true, webauthn:extension:prf: true, webauthn:virtualAuthenticators: true}&#10;Session ID: 860f8cf9905f28d03c5abd7a812685b7" type="org.openqa.selenium.NoSuchElementException"><![CDATA[org.openqa.selenium.NoSuchElementException: 
no such element: Unable to locate element: {"method":"xpath","selector":"(//img[@alt='2 Golden Chain + Bracelet + Diamond Ring + Free Digital Watch (2GCBRW9)'])[4]"}
  (Session info: chrome=127.0.6533.119)
For documentation on this error, please visit: https://www.selenium.dev/documentation/webdriver/troubleshooting/errors#no-such-element-exception
Build info: version: '4.23.0', revision: '4df0a231af'
System info: os.name: 'Linux', os.arch: 'amd64', os.version: '5.15.0-119-generic', java.version: '17.0.11'
Driver info: org.openqa.selenium.chrome.ChromeDriver
Command: [860f8cf9905f28d03c5abd7a812685b7, findElement {using=xpath, value=(//img[@alt='2 Golden Chain + Bracelet + Diamond Ring + Free Digital Watch (2GCBRW9)'])[4]}]
Capabilities {acceptInsecureCerts: false, browserName: chrome, browserVersion: 127.0.6533.119, chrome: {chromedriverVersion: 127.0.6533.119 (bdef6783a05..., userDataDir: /tmp/.org.chromium.Chromium...}, fedcm:accounts: true, goog:chromeOptions: {debuggerAddress: localhost:44753}, networkConnectionEnabled: false, pageLoadStrategy: normal, platformName: linux, proxy: Proxy(), se:cdp: ws://localhost:44753/devtoo..., se:cdpVersion: 127.0.6533.119, setWindowRect: true, strictFileInteractability: false, timeouts: {implicit: 0, pageLoad: 300000, script: 30000}, unhandledPromptBehavior: dismiss and notify, webauthn:extension:credBlob: true, webauthn:extension:largeBlob: true, webauthn:extension:minPinLength: true, webauthn:extension:prf: true, webauthn:virtualAuthenticators: true}
Session ID: 860f8cf9905f28d03c5abd7a812685b7
	at java.base/jdk.internal.reflect.NativeConstructorAccessorImpl.newInstance0(Native Method)
	at java.base/jdk.internal.reflect.NativeConstructorAccessorImpl.newInstance(NativeConstructorAccessorImpl.java:77)
	at java.base/jdk.internal.reflect.DelegatingConstructorAccessorImpl.newInstance(DelegatingConstructorAccessorImpl.java:45)
	at java.base/java.lang.reflect.Constructor.newInstanceWithCaller(Constructor.java:499)
	at java.base/java.lang.reflect.Constructor.newInstance(Constructor.java:480)
	at org.openqa.selenium.remote.ErrorCodec.decode(ErrorCodec.java:167)
	at org.openqa.selenium.remote.codec.w3c.W3CHttpResponseCodec.decode(W3CHttpResponseCodec.java:138)
	at org.openqa.selenium.remote.codec.w3c.W3CHttpResponseCodec.decode(W3CHttpResponseCodec.java:50)
	at org.openqa.selenium.remote.HttpCommandExecutor.execute(HttpCommandExecutor.java:190)
	at org.openqa.selenium.remote.service.DriverCommandExecutor.invokeExecute(DriverCommandExecutor.java:216)
	at org.openqa.selenium.remote.service.DriverCommandExecutor.execute(DriverCommandExecutor.java:174)
	at org.openqa.selenium.remote.RemoteWebDriver.execute(RemoteWebDriver.java:527)
	at org.openqa.selenium.remote.ElementLocation$ElementFinder$2.findElement(ElementLocation.java:165)
	at org.openqa.selenium.remote.ElementLocation.findElement(ElementLocation.java:59)
	at org.openqa.selenium.remote.RemoteWebDriver.findElement(RemoteWebDriver.java:357)
	at org.openqa.selenium.remote.RemoteWebDriver.findElement(RemoteWebDriver.java:351)
	at stepDefinitions.JewelleryDetailsPage_Test.mouse_hover_each_image_of_the_jewellery(JewelleryDetailsPage_Test.java:94)
	at ✽.mouseHover each image of the jewellery(file:///home/himanshu/Desktop/B38-SPR201-JAVA/CucumberTestNG-Construct-Week-Project-B38/src/test/resources/Naaptol_Jewellery&Watches-Module/JewelleryDetails.feature:12)
]]></failure>
  </testcase>
  <testcase name="runScenario[&quot;To validate the Men jewellery link functionality&quot;, &quot;Men Jewellery feature&quot;](3)" classname="runner.TestRunner" time="11.097">
    <failure message="expected [Golden Rakhi Bracelet (RB2) - B1G1] but found []" type="java.lang.AssertionError"><![CDATA[java.lang.AssertionError: expected [Golden Rakhi Bracelet (RB2) - B1G1] but found []
	at org.testng.Assert.fail(Assert.java:111)
	at org.testng.Assert.failNotEquals(Assert.java:1578)
	at org.testng.Assert.assertEqualsImpl(Assert.java:150)
	at org.testng.Assert.assertEquals(Assert.java:132)
	at org.testng.Assert.assertEquals(Assert.java:656)
	at org.testng.Assert.assertEquals(Assert.java:666)
	at stepDefinitions.Men_Jewellery_Test.golden_rakhi_bracelet_jewellery_should_be_visible(Men_Jewellery_Test.java:114)
	at ✽.Golden Rakhi Bracelet jewellery should be visible(file:///home/himanshu/Desktop/B38-SPR201-JAVA/CucumberTestNG-Construct-Week-Project-B38/src/test/resources/Naaptol_Jewellery&Watches-Module/Mensjewellery.feature:14)
]]></failure>
  </testcase>
  <testcase name="runScenario[&quot;To validate the other jewellery link functionality&quot;, &quot;Other jewellery feature&quot;](4)" classname="runner.TestRunner" time="28.309"/>
  <testcase name="runScenario[&quot;To validate the personalize search filter functionality&quot;, &quot;Watches filter feature&quot;](5)" classname="runner.TestRunner" time="15.634"/>
  <testcase name="runScenario[&quot;To validate the Rings &amp; Earings link functionality&quot;, &quot;Rings and Earings feature&quot;](6)" classname="runner.TestRunner" time="9.83"/>
</testsuite>